<?xml version="1.0" encoding="UTF-8"?>
<!-- Generated by org.testng.reporters.JUnitReportReporter -->
<testsuite hostname="DESKTOP-9CA997L" failures="0" tests="6" name="TestNGpractice.Testngpractice1" time="0.031" errors="0" timestamp="2024-12-04T07:48:22 IST" skipped="0">
  <testcase classname="TestNGpractice.Testngpractice1" name="test3" time="0.002"/>
  <system-out>
    <![CDATA[Bye]]>
  </system-out>
  <testcase classname="TestNGpractice.Testngpractice1" name="test2" time="0.002"/>
  <system-out>
    <![CDATA[hello]]>
  </system-out>
  <testcase classname="TestNGpractice.Testngpractice1" name="test3" time="0.001"/>
  <system-out>
    <![CDATA[Bye]]>
  </system-out>
  <testcase classname="TestNGpractice.Testngpractice1" name="test1" time="0.023"/>
  <system-out>
    <![CDATA[hi]]>
  </system-out>
  <testcase classname="TestNGpractice.Testngpractice1" name="test3" time="0.001"/>
  <system-out>
    <![CDATA[Bye]]>
  </system-out>
  <testcase classname="TestNGpractice.Testngpractice1" name="test3" time="0.002"/>
  <system-out>
    <![CDATA[Bye]]>
  </system-out>
</testsuite> <!-- TestNGpractice.Testngpractice1 -->
